<?xml version="1.0" encoding="UTF-8"?>
<testng-results ignored="0" total="4" passed="3" failed="1" skipped="0">
  <reporter-output>
  </reporter-output>
  <suite started-at="2022-03-17T16:17:58 IST" name="Default suite" finished-at="2022-03-17T16:18:13 IST" duration-ms="15078">
    <groups>
      <group name="w3schools">
        <method signature="priority.getHomeTitle()[pri:3, instance:testen.priority@bae7dc0]" name="getHomeTitle" class="testen.priority"/>
        <method signature="priority.loginUser()[pri:1, instance:testen.priority@bae7dc0]" name="loginUser" class="testen.priority"/>
        <method signature="priority.searchLogin()[pri:0, instance:testen.priority@bae7dc0]" name="searchLogin" class="testen.priority"/>
        <method signature="priority.submitButton()[pri:2, instance:testen.priority@bae7dc0]" name="submitButton" class="testen.priority"/>
      </group> <!-- w3schools -->
    </groups>
    <test started-at="2022-03-17T16:17:58 IST" name="Default test" finished-at="2022-03-17T16:18:13 IST" duration-ms="15078">
      <class name="testen.priority">
        <test-method is-config="true" signature="launchBrowser()[pri:0, instance:testen.priority@bae7dc0]" started-at="2022-03-17T16:17:58 IST" name="launchBrowser" finished-at="2022-03-17T16:18:08 IST" duration-ms="9631" status="PASS">
          <reporter-output>
          </reporter-output>
        </test-method> <!-- launchBrowser -->
        <test-method signature="searchLogin()[pri:0, instance:testen.priority@bae7dc0]" started-at="2022-03-17T16:18:08 IST" name="searchLogin" finished-at="2022-03-17T16:18:13 IST" duration-ms="4959" status="PASS">
          <reporter-output>
          </reporter-output>
        </test-method> <!-- searchLogin -->
        <test-method signature="loginUser()[pri:1, instance:testen.priority@bae7dc0]" started-at="2022-03-17T16:18:13 IST" name="loginUser" finished-at="2022-03-17T16:18:13 IST" duration-ms="324" status="PASS">
          <reporter-output>
          </reporter-output>
        </test-method> <!-- loginUser -->
        <test-method signature="submitButton()[pri:2, instance:testen.priority@bae7dc0]" started-at="2022-03-17T16:18:13 IST" name="submitButton" finished-at="2022-03-17T16:18:13 IST" duration-ms="90" status="PASS">
          <reporter-output>
          </reporter-output>
        </test-method> <!-- submitButton -->
        <test-method signature="getHomeTitle()[pri:3, instance:testen.priority@bae7dc0]" started-at="2022-03-17T16:18:13 IST" name="getHomeTitle" finished-at="2022-03-17T16:18:13 IST" duration-ms="21" status="FAIL">
          <exception class="java.lang.AssertionError">
            <message>
              <![CDATA[expected [W3Schools learning | learnign Tutorials] but found [Log in - W3Schools]]]>
            </message>
            <full-stacktrace>
              <![CDATA[java.lang.AssertionError: expected [W3Schools learning | learnign Tutorials] but found [Log in - W3Schools]
at org.testng.Assert.fail(Assert.java:99)
at org.testng.Assert.failNotEquals(Assert.java:1037)
at org.testng.Assert.assertEqualsImpl(Assert.java:140)
at org.testng.Assert.assertEquals(Assert.java:122)
at org.testng.Assert.assertEquals(Assert.java:629)
at org.testng.Assert.assertEquals(Assert.java:639)
at testen.priority.getHomeTitle(priority.java:101)
at java.base/jdk.internal.reflect.NativeMethodAccessorImpl.invoke0(Native Method)
at java.base/jdk.internal.reflect.NativeMethodAccessorImpl.invoke(NativeMethodAccessorImpl.java:77)
at java.base/jdk.internal.reflect.DelegatingMethodAccessorImpl.invoke(DelegatingMethodAccessorImpl.java:43)
at java.base/java.lang.reflect.Method.invoke(Method.java:568)
at org.testng.internal.MethodInvocationHelper.invokeMethod(MethodInvocationHelper.java:133)
at org.testng.internal.TestInvoker.invokeMethod(TestInvoker.java:598)
at org.testng.internal.TestInvoker.invokeTestMethod(TestInvoker.java:173)
at org.testng.internal.MethodRunner.runInSequence(MethodRunner.java:46)
at org.testng.internal.TestInvoker$MethodInvocationAgent.invoke(TestInvoker.java:824)
at org.testng.internal.TestInvoker.invokeTestMethods(TestInvoker.java:146)
at org.testng.internal.TestMethodWorker.invokeTestMethods(TestMethodWorker.java:146)
at org.testng.internal.TestMethodWorker.run(TestMethodWorker.java:128)
at java.base/java.util.ArrayList.forEach(ArrayList.java:1511)
at org.testng.TestRunner.privateRun(TestRunner.java:794)
at org.testng.TestRunner.run(TestRunner.java:596)
at org.testng.SuiteRunner.runTest(SuiteRunner.java:377)
at org.testng.SuiteRunner.runSequentially(SuiteRunner.java:371)
at org.testng.SuiteRunner.privateRun(SuiteRunner.java:332)
at org.testng.SuiteRunner.run(SuiteRunner.java:276)
at org.testng.SuiteRunnerWorker.runSuite(SuiteRunnerWorker.java:53)
at org.testng.SuiteRunnerWorker.run(SuiteRunnerWorker.java:96)
at org.testng.TestNG.runSuitesSequentially(TestNG.java:1212)
at org.testng.TestNG.runSuitesLocally(TestNG.java:1134)
at org.testng.TestNG.runSuites(TestNG.java:1063)
at org.testng.TestNG.run(TestNG.java:1031)
at org.testng.remote.AbstractRemoteTestNG.run(AbstractRemoteTestNG.java:115)
at org.testng.remote.RemoteTestNG.initAndRun(RemoteTestNG.java:251)
at org.testng.remote.RemoteTestNG.main(RemoteTestNG.java:77)
]]>
            </full-stacktrace>
          </exception> <!-- java.lang.AssertionError -->
          <reporter-output>
          </reporter-output>
        </test-method> <!-- getHomeTitle -->
        <test-method is-config="true" signature="terminateBrowser()[pri:0, instance:testen.priority@bae7dc0]" started-at="2022-03-17T16:18:13 IST" name="terminateBrowser" finished-at="2022-03-17T16:18:13 IST" duration-ms="0" status="PASS">
          <reporter-output>
          </reporter-output>
        </test-method> <!-- terminateBrowser -->
      </class> <!-- testen.priority -->
    </test> <!-- Default test -->
  </suite> <!-- Default suite -->
</testng-results>
